Base path: C:/Program Files (x86)/Unity/Editor/Data
Pipe name: \\.\pipe\UnityShaderCompiler-3-2244
Cmd: getPlatforms
Cmd: compileSnippet
  api=1 type=0 insize=5620 outsize=1125 kw=DIRECTIONAL SHADOWS_OFF LIGHTMAP_OFF DIRLIGHTMAP_OFF ok=1
Cmd: compileSnippet
  api=8 type=0 insize=5620 outsize=7126 kw=DIRECTIONAL SHADOWS_SCREEN LIGHTMAP_OFF DIRLIGHTMAP_OFF ok=1
Cmd: compileSnippet
  api=8 type=0 insize=5620 outsize=9360 kw=DIRECTIONAL SHADOWS_OFF LIGHTMAP_OFF DIRLIGHTMAP_OFF VERTEXLIGHT_ON ok=1
Cmd: compileSnippet
  api=8 type=1 insize=5620 outsize=3811 kw=DIRECTIONAL SHADOWS_OFF LIGHTMAP_OFF DIRLIGHTMAP_OFF ok=1
Cmd: compileSnippet
  api=1 type=0 insize=3341 outsize=954 kw=POINT ok=1
Cmd: compileSnippet
  api=0 type=0 insize=3341 outsize=1475 kw=SPOT ok=1
Cmd: compileSnippet
  api=1 type=0 insize=3341 outsize=973 kw=SPOT ok=1
Cmd: compileSnippet
  api=1 type=0 insize=3341 outsize=954 kw=POINT_COOKIE ok=1
Cmd: compileSnippet
  api=1 type=0 insize=3341 outsize=908 kw=DIRECTIONAL_COOKIE ok=1
Cmd: compileSnippet
  api=8 type=1 insize=3341 outsize=3811 kw=POINT ok=1
Cmd: compileSnippet
  api=1 type=1 insize=3341 outsize=860 kw=POINT_COOKIE ok=1
Cmd: compileSnippet
  api=4 type=1 insize=3341 outsize=2623 kw=POINT_COOKIE ok=1
Cmd: compileSnippet
  api=4 type=1 insize=3341 outsize=2282 kw=DIRECTIONAL_COOKIE ok=1
Unhandled exception: Readfile from pipe failed. GLE=The pipe has been ended.


Quitting shader compiler process
