Base path: C:/Program Files (x86)/Unity/Editor/Data
Pipe name: \\.\pipe\UnityShaderCompiler-2-756
Cmd: getPlatforms
Cmd: compileSnippet
  api=8 type=0 insize=5620 outsize=6614 kw=DIRECTIONAL SHADOWS_OFF LIGHTMAP_OFF DIRLIGHTMAP_OFF ok=1
Cmd: compileSnippet
  api=4 type=0 insize=5620 outsize=6157 kw=DIRECTIONAL SHADOWS_OFF LIGHTMAP_OFF DIRLIGHTMAP_OFF VERTEXLIGHT_ON ok=1
Cmd: compileSnippet
  api=1 type=0 insize=5620 outsize=1825 kw=DIRECTIONAL SHADOWS_SCREEN LIGHTMAP_OFF DIRLIGHTMAP_OFF VERTEXLIGHT_ON ok=1
Cmd: compileSnippet
  api=8 type=0 insize=5620 outsize=9872 kw=DIRECTIONAL SHADOWS_SCREEN LIGHTMAP_OFF DIRLIGHTMAP_OFF VERTEXLIGHT_ON ok=1
Cmd: compileSnippet
  api=0 type=1 insize=5620 outsize=964 kw=DIRECTIONAL SHADOWS_SCREEN LIGHTMAP_OFF DIRLIGHTMAP_OFF ok=1
Cmd: compileSnippet
  api=1 type=1 insize=5620 outsize=854 kw=DIRECTIONAL SHADOWS_SCREEN LIGHTMAP_OFF DIRLIGHTMAP_OFF ok=1
Cmd: compileSnippet
  api=0 type=0 insize=3341 outsize=1147 kw=DIRECTIONAL ok=1
Cmd: compileSnippet
  api=1 type=0 insize=3341 outsize=796 kw=DIRECTIONAL ok=1
Cmd: compileSnippet
  api=8 type=0 insize=3341 outsize=6045 kw=SPOT ok=1
Cmd: compileSnippet
  api=0 type=0 insize=3341 outsize=1358 kw=DIRECTIONAL_COOKIE ok=1
Cmd: compileSnippet
  api=8 type=0 insize=3341 outsize=5915 kw=DIRECTIONAL_COOKIE ok=1
Cmd: compileSnippet
  api=0 type=1 insize=3341 outsize=698 kw=DIRECTIONAL ok=1
Cmd: compileSnippet
  api=1 type=1 insize=3341 outsize=642 kw=DIRECTIONAL ok=1
Cmd: compileSnippet
  api=1 type=1 insize=3341 outsize=953 kw=SPOT ok=1
Cmd: compileSnippet
  api=0 type=1 insize=3341 outsize=977 kw=POINT_COOKIE ok=1
Cmd: compileSnippet
  api=0 type=1 insize=3341 outsize=768 kw=DIRECTIONAL_COOKIE ok=1
Cmd: compileSnippet
  api=1 type=1 insize=3341 outsize=716 kw=DIRECTIONAL_COOKIE ok=1
Cmd: compileSnippet
  api=8 type=1 insize=3341 outsize=3518 kw=DIRECTIONAL_COOKIE ok=1
Unhandled exception: Readfile from pipe failed. GLE=The pipe has been ended.


Quitting shader compiler process
